2017-08-01 16:13:14 - Starting C:\Program Files\nodejs\node.exe  --harmony C:\Users\Daniel\AppData\Roaming\npm\node_modules\node-windows\lib\wrapper.js --file C:\Users\Daniel\OneDrive\Pega\COMMZGATE\trazability\api\index.js --log "Trazabilidad-API wrapper" --grow 0.25 --wait 1 --maxrestarts 3 --abortonerror n --stopparentfirst undefined
2017-08-01 16:13:14 - Started 12548
2017-08-01 16:44:20 - Stopping trazabilidadapi.exe
2017-08-01 16:44:20 - ProcessKill 12548
2017-08-01 16:44:21 - Found child process: 3100 Name: conhost.exe
2017-08-01 16:44:21 - Found child process: 12252 Name: node.exe
2017-08-01 16:44:21 - Stopping process 3100
2017-08-01 16:44:21 - Send SIGINT 3100
2017-08-01 16:44:21 - SIGINT to 3100 failed - Killing as fallback
2017-08-01 16:44:21 - Stopping process 12252
2017-08-01 16:44:21 - Send SIGINT 12252
2017-08-01 16:44:21 - SIGINT to 12252 failed - Killing as fallback
2017-08-01 16:44:21 - Stopping process 12548
2017-08-01 16:44:21 - Send SIGINT 12548
2017-08-01 16:44:21 - SIGINT to 12548 failed - Killing as fallback
2017-08-01 16:44:21 - Finished trazabilidadapi.exe
2017-09-12 11:32:57 - Starting C:\Program Files\nodejs\node.exe  --harmony C:\Users\Daniel\AppData\Roaming\npm\node_modules\node-windows\lib\wrapper.js --file C:\Users\Daniel\OneDrive\Pega\COMMZGATE\trazability\api\index.js --log "Trazabilidad-API wrapper" --grow 0.25 --wait 1 --maxrestarts 3 --abortonerror n --stopparentfirst undefined
2017-09-12 11:32:58 - Started 5708
2017-09-12 11:50:59 - Stopping trazabilidadapi.exe
2017-09-12 11:50:59 - ProcessKill 5708
2017-09-12 11:51:02 - Shutdown exception
Message:Se está cerrando el sistema. (Excepción de HRESULT: 0x8007045B)
Stacktrace:   en System.Runtime.InteropServices.Marshal.ThrowExceptionForHRInternal(Int32 errorCode, IntPtr errorInfo)
   en System.Management.ManagementScope.InitializeGuts(Object o)
   en System.Management.ManagementScope.Initialize()
   en System.Management.ManagementObjectSearcher.Initialize()
   en System.Management.ManagementObjectSearcher.Get()
   en winsw.WrapperService.GetChildPids(Int32 pid)
   en winsw.WrapperService.StopProcessAndChildren(Int32 pid)
   en winsw.WrapperService.StopIt()
   en winsw.WrapperService.OnShutdown()
2017-09-12 11:52:34 - Starting C:\Program Files\nodejs\node.exe  --harmony C:\Users\Daniel\AppData\Roaming\npm\node_modules\node-windows\lib\wrapper.js --file C:\Users\Daniel\OneDrive\Pega\COMMZGATE\trazability\api\index.js --log "Trazabilidad-API wrapper" --grow 0.25 --wait 1 --maxrestarts 3 --abortonerror n --stopparentfirst undefined
2017-09-12 11:52:35 - Started 5688
2017-09-27 09:52:55 - Starting C:\Program Files\nodejs\node.exe  --harmony C:\Users\Daniel\AppData\Roaming\npm\node_modules\node-windows\lib\wrapper.js --file C:\Users\Daniel\OneDrive\Pega\COMMZGATE\trazability\api\index.js --log "Trazabilidad-API wrapper" --grow 0.25 --wait 1 --maxrestarts 3 --abortonerror n --stopparentfirst undefined
2017-09-27 09:52:56 - Started 5180
2017-09-29 22:40:48 - Starting C:\Program Files\nodejs\node.exe  --harmony C:\Users\Daniel\AppData\Roaming\npm\node_modules\node-windows\lib\wrapper.js --file C:\Users\Daniel\OneDrive\Pega\COMMZGATE\trazability\api\index.js --log "Trazabilidad-API wrapper" --grow 0.25 --wait 1 --maxrestarts 3 --abortonerror n --stopparentfirst undefined
2017-09-29 22:40:49 - Started 5932
2017-09-29 23:21:39 - Stopping trazabilidadapi.exe
2017-09-29 23:21:39 - ProcessKill 5932
2017-09-29 23:21:55 - Shutdown exception
Message:Se produjo una excepción en el inicializador de tipo de 'System.Management.ManagementPath'.
Stacktrace:   en System.Management.ManagementScope._Clone(ManagementScope scope, IdentifierChangedEventHandler handler)
   en System.Management.ManagementObjectSearcher..ctor(ManagementScope scope, ObjectQuery query, EnumerationOptions options)
   en winsw.WrapperService.GetChildPids(Int32 pid)
   en winsw.WrapperService.StopProcessAndChildren(Int32 pid)
   en winsw.WrapperService.StopIt()
   en winsw.WrapperService.OnShutdown()
2017-09-29 23:23:19 - Starting C:\Program Files\nodejs\node.exe  --harmony C:\Users\Daniel\AppData\Roaming\npm\node_modules\node-windows\lib\wrapper.js --file C:\Users\Daniel\OneDrive\Pega\COMMZGATE\trazability\api\index.js --log "Trazabilidad-API wrapper" --grow 0.25 --wait 1 --maxrestarts 3 --abortonerror n --stopparentfirst undefined
2017-09-29 23:23:19 - Started 5836
2017-10-01 14:49:54 - Starting C:\Program Files\nodejs\node.exe  --harmony C:\Users\Daniel\AppData\Roaming\npm\node_modules\node-windows\lib\wrapper.js --file C:\Users\Daniel\OneDrive\Pega\COMMZGATE\trazability\api\index.js --log "Trazabilidad-API wrapper" --grow 0.25 --wait 1 --maxrestarts 3 --abortonerror n --stopparentfirst undefined
2017-10-01 14:49:55 - Started 5852
2017-10-01 19:02:22 - Starting C:\Program Files\nodejs\node.exe  --harmony C:\Users\Daniel\AppData\Roaming\npm\node_modules\node-windows\lib\wrapper.js --file C:\Users\Daniel\OneDrive\Pega\COMMZGATE\trazability\api\index.js --log "Trazabilidad-API wrapper" --grow 0.25 --wait 1 --maxrestarts 3 --abortonerror n --stopparentfirst undefined
2017-10-01 19:02:22 - Started 5672
